6 - Program/app/build/intermediates/manifest_merge_blame_file/debug/manifest-merger-blame-debug-report.txt
1<?xml version="1.0" encoding="utf-8"?>
2<manifest xmlns:android="http://schemas.android.com/apk/res/android"
3    package="com.swl.catchmovie"
4    android:versionCode="1"
5    android:versionName="1.0" >
6
7    <uses-sdk
8        android:minSdkVersion="16"
8-->src\main\AndroidManifest.xml
9        android:targetSdkVersion="27" />
9-->src\main\AndroidManifest.xml
10
11    <!-- Although the *SdkVersion is captured in gradle build files, this is required for non gradle builds -->
12    <!-- <uses-sdk android:minSdkVersion="14"/> -->
13    <uses-permission android:name="android.permission.ACCESS_NETWORK_STATE" />
13-->[com.google.firebase:firebase-database:19.1.0] AndroidManifest.xml:25:5-79
13-->[com.google.firebase:firebase-database:19.1.0] AndroidManifest.xml:25:22-76
14    <uses-permission android:name="android.permission.INTERNET" />
14-->[com.google.firebase:firebase-database:19.1.0] AndroidManifest.xml:26:5-67
14-->[com.google.firebase:firebase-database:19.1.0] AndroidManifest.xml:26:22-64
15    <uses-permission android:name="android.permission.WAKE_LOCK" />
15-->[com.google.firebase:firebase-measurement-connector-impl:17.0.2] AndroidManifest.xml:24:5-68
15-->[com.google.firebase:firebase-measurement-connector-impl:17.0.2] AndroidManifest.xml:24:22-65
16    <uses-permission android:name="com.google.android.finsky.permission.BIND_GET_INSTALL_REFERRER_SERVICE" /> <!-- Required by older versions of Google Play services to create IID tokens -->
16-->[com.google.firebase:firebase-analytics:16.0.4] AndroidManifest.xml:26:5-110
16-->[com.google.firebase:firebase-analytics:16.0.4] AndroidManifest.xml:26:22-107
17    <uses-permission android:name="com.google.android.c2dm.permission.RECEIVE" />
17-->[com.google.firebase:firebase-iid:17.0.3] AndroidManifest.xml:26:5-82
17-->[com.google.firebase:firebase-iid:17.0.3] AndroidManifest.xml:26:22-79
18
19    <application
19-->src\main\AndroidManifest.xml:5:5-24:19
20        android:allowBackup="true"
20-->src\main\AndroidManifest.xml:6:9-35
21        android:appComponentFactory="androidx.core.app.CoreComponentFactory"
21-->[androidx.core:core:1.0.0] AndroidManifest.xml:22:18-86
22        android:debuggable="true"
23        android:icon="@mipmap/ic_launcher"
23-->src\main\AndroidManifest.xml:7:9-43
24        android:label="@string/app_name"
24-->src\main\AndroidManifest.xml:8:9-41
25        android:roundIcon="@mipmap/ic_launcher_round"
25-->src\main\AndroidManifest.xml:9:9-54
26        android:supportsRtl="true"
26-->src\main\AndroidManifest.xml:10:9-35
27        android:theme="@style/AppTheme" >
27-->src\main\AndroidManifest.xml:11:9-40
28        <activity android:name="com.swl.catchmovie.MainActivity" >
28-->src\main\AndroidManifest.xml:12:9-18:20
28-->src\main\AndroidManifest.xml:12:19-47
29            <intent-filter>
29-->src\main\AndroidManifest.xml:13:13-17:29
30                <action android:name="android.intent.action.MAIN" />
30-->src\main\AndroidManifest.xml:14:17-69
30-->src\main\AndroidManifest.xml:14:25-66
31
32                <category android:name="android.intent.category.LAUNCHER" />
32-->src\main\AndroidManifest.xml:16:17-77
32-->src\main\AndroidManifest.xml:16:27-74
33            </intent-filter>
34        </activity>
35        <!-- <activity android:name=".SignUpActivity" /> -->
36        <activity android:name="com.swl.catchmovie.ProfileActivity" >
36-->src\main\AndroidManifest.xml:20:9-22:20
36-->src\main\AndroidManifest.xml:20:19-50
37        </activity>
38        <activity android:name="com.swl.catchmovie.SupportActivity" />
38-->src\main\AndroidManifest.xml:23:9-62
38-->src\main\AndroidManifest.xml:23:19-50
39        <activity
39-->[com.google.firebase:firebase-auth:19.0.0] AndroidManifest.xml:24:9-31:50
40            android:name="com.google.firebase.auth.internal.FederatedSignInActivity"
40-->[com.google.firebase:firebase-auth:19.0.0] AndroidManifest.xml:25:13-85
41            android:excludeFromRecents="true"
41-->[com.google.firebase:firebase-auth:19.0.0] AndroidManifest.xml:26:13-46
42            android:exported="true"
42-->[com.google.firebase:firebase-auth:19.0.0] AndroidManifest.xml:27:13-36
43            android:launchMode="singleTask"
43-->[com.google.firebase:firebase-auth:19.0.0] AndroidManifest.xml:28:13-44
44            android:permission="com.google.firebase.auth.api.gms.permission.LAUNCH_FEDERATED_SIGN_IN"
44-->[com.google.firebase:firebase-auth:19.0.0] AndroidManifest.xml:29:13-102
45            android:theme="@android:style/Theme.Translucent.NoTitleBar" />
45-->[com.google.firebase:firebase-auth:19.0.0] AndroidManifest.xml:30:13-72
46
47        <service
47-->[com.google.firebase:firebase-auth:19.0.0] AndroidManifest.xml:33:9-39:19
48            android:name="com.google.firebase.components.ComponentDiscoveryService"
48-->[com.google.firebase:firebase-auth:19.0.0] AndroidManifest.xml:34:13-84
49            android:directBootAware="true"
49-->[com.google.firebase:firebase-common:19.1.0] AndroidManifest.xml:14:13-43
50            android:exported="false" >
50-->[com.google.firebase:firebase-auth:19.0.0] AndroidManifest.xml:35:13-37
51            <meta-data
51-->[com.google.firebase:firebase-auth:19.0.0] AndroidManifest.xml:36:13-38:85
52                android:name="com.google.firebase.components:com.google.firebase.auth.FirebaseAuthRegistrar"
52-->[com.google.firebase:firebase-auth:19.0.0] AndroidManifest.xml:37:17-109
53                android:value="com.google.firebase.components.ComponentRegistrar" />
53-->[com.google.firebase:firebase-auth:19.0.0] AndroidManifest.xml:38:17-82
54            <meta-data
54-->[com.google.firebase:firebase-database:19.1.0] AndroidManifest.xml:32:13-34:85
55                android:name="com.google.firebase.components:com.google.firebase.database.DatabaseRegistrar"
55-->[com.google.firebase:firebase-database:19.1.0] AndroidManifest.xml:33:17-109
56                android:value="com.google.firebase.components.ComponentRegistrar" />
56-->[com.google.firebase:firebase-database:19.1.0] AndroidManifest.xml:34:17-82
57            <meta-data
57-->[com.google.firebase:firebase-measurement-connector-impl:17.0.2] AndroidManifest.xml:28:13-30:85
58                android:name="com.google.firebase.components:com.google.firebase.analytics.connector.internal.AnalyticsConnectorRegistrar"
58-->[com.google.firebase:firebase-measurement-connector-impl:17.0.2] AndroidManifest.xml:29:17-139
59                android:value="com.google.firebase.components.ComponentRegistrar" />
59-->[com.google.firebase:firebase-measurement-connector-impl:17.0.2] AndroidManifest.xml:30:17-82
60            <meta-data
60-->[com.google.firebase:firebase-iid:17.0.3] AndroidManifest.xml:32:13-34:85
61                android:name="com.google.firebase.components:com.google.firebase.iid.Registrar"
61-->[com.google.firebase:firebase-iid:17.0.3] AndroidManifest.xml:33:17-96
62                android:value="com.google.firebase.components.ComponentRegistrar" />
62-->[com.google.firebase:firebase-iid:17.0.3] AndroidManifest.xml:34:17-82
63        </service>
64
65        <activity
65-->[com.google.android.gms:play-services-auth:17.0.0] AndroidManifest.xml:23:9-27:75
66            android:name="com.google.android.gms.auth.api.signin.internal.SignInHubActivity"
66-->[com.google.android.gms:play-services-auth:17.0.0] AndroidManifest.xml:24:13-93
67            android:excludeFromRecents="true"
67-->[com.google.android.gms:play-services-auth:17.0.0] AndroidManifest.xml:25:13-46
68            android:exported="false"
68-->[com.google.android.gms:play-services-auth:17.0.0] AndroidManifest.xml:26:13-37
69            android:theme="@android:style/Theme.Translucent.NoTitleBar" />
69-->[com.google.android.gms:play-services-auth:17.0.0] AndroidManifest.xml:27:13-72
70        <!--
71            Service handling Google Sign-In user revocation. For apps that do not integrate with
72            Google Sign-In, this service will never be started.
73        -->
74        <service
74-->[com.google.android.gms:play-services-auth:17.0.0] AndroidManifest.xml:33:9-36:110
75            android:name="com.google.android.gms.auth.api.signin.RevocationBoundService"
75-->[com.google.android.gms:play-services-auth:17.0.0] AndroidManifest.xml:34:13-89
76            android:exported="true"
76-->[com.google.android.gms:play-services-auth:17.0.0] AndroidManifest.xml:35:13-36
77            android:permission="com.google.android.gms.auth.api.signin.permission.REVOCATION_NOTIFICATION" />
77-->[com.google.android.gms:play-services-auth:17.0.0] AndroidManifest.xml:36:13-107
78
79        <receiver
79-->[com.google.firebase:firebase-analytics:16.0.4] AndroidManifest.xml:29:9-33:20
80            android:name="com.google.android.gms.measurement.AppMeasurementReceiver"
80-->[com.google.firebase:firebase-analytics:16.0.4] AndroidManifest.xml:30:13-85
81            android:enabled="true"
81-->[com.google.firebase:firebase-analytics:16.0.4] AndroidManifest.xml:31:13-35
82            android:exported="false" >
82-->[com.google.firebase:firebase-analytics:16.0.4] AndroidManifest.xml:32:13-37
83        </receiver>
84        <receiver
84-->[com.google.firebase:firebase-analytics:16.0.4] AndroidManifest.xml:34:9-42:20
85            android:name="com.google.android.gms.measurement.AppMeasurementInstallReferrerReceiver"
85-->[com.google.firebase:firebase-analytics:16.0.4] AndroidManifest.xml:35:13-100
86            android:enabled="true"
86-->[com.google.firebase:firebase-analytics:16.0.4] AndroidManifest.xml:36:13-35
87            android:exported="true"
87-->[com.google.firebase:firebase-analytics:16.0.4] AndroidManifest.xml:37:13-36
88            android:permission="android.permission.INSTALL_PACKAGES" >
88-->[com.google.firebase:firebase-analytics:16.0.4] AndroidManifest.xml:38:13-69
89            <intent-filter>
89-->[com.google.firebase:firebase-analytics:16.0.4] AndroidManifest.xml:39:13-41:29
90                <action android:name="com.android.vending.INSTALL_REFERRER" />
90-->[com.google.firebase:firebase-analytics:16.0.4] AndroidManifest.xml:40:17-79
90-->[com.google.firebase:firebase-analytics:16.0.4] AndroidManifest.xml:40:25-76
91            </intent-filter>
92        </receiver>
93
94        <service
94-->[com.google.firebase:firebase-analytics:16.0.4] AndroidManifest.xml:44:9-47:40
95            android:name="com.google.android.gms.measurement.AppMeasurementService"
95-->[com.google.firebase:firebase-analytics:16.0.4] AndroidManifest.xml:45:13-84
96            android:enabled="true"
96-->[com.google.firebase:firebase-analytics:16.0.4] AndroidManifest.xml:46:13-35
97            android:exported="false" />
97-->[com.google.firebase:firebase-analytics:16.0.4] AndroidManifest.xml:47:13-37
98        <service
98-->[com.google.firebase:firebase-analytics:16.0.4] AndroidManifest.xml:48:9-52:72
99            android:name="com.google.android.gms.measurement.AppMeasurementJobService"
99-->[com.google.firebase:firebase-analytics:16.0.4] AndroidManifest.xml:49:13-87
100            android:enabled="true"
100-->[com.google.firebase:firebase-analytics:16.0.4] AndroidManifest.xml:50:13-35
101            android:exported="false"
101-->[com.google.firebase:firebase-analytics:16.0.4] AndroidManifest.xml:51:13-37
102            android:permission="android.permission.BIND_JOB_SERVICE" />
102-->[com.google.firebase:firebase-analytics:16.0.4] AndroidManifest.xml:52:13-69
103
104        <receiver
104-->[com.google.firebase:firebase-iid:17.0.3] AndroidManifest.xml:37:9-44:20
105            android:name="com.google.firebase.iid.FirebaseInstanceIdReceiver"
105-->[com.google.firebase:firebase-iid:17.0.3] AndroidManifest.xml:38:13-78
106            android:exported="true"
106-->[com.google.firebase:firebase-iid:17.0.3] AndroidManifest.xml:39:13-36
107            android:permission="com.google.android.c2dm.permission.SEND" >
107-->[com.google.firebase:firebase-iid:17.0.3] AndroidManifest.xml:40:13-73
108            <intent-filter>
108-->[com.google.firebase:firebase-iid:17.0.3] AndroidManifest.xml:41:13-43:29
109                <action android:name="com.google.android.c2dm.intent.RECEIVE" />
109-->[com.google.firebase:firebase-iid:17.0.3] AndroidManifest.xml:42:17-81
109-->[com.google.firebase:firebase-iid:17.0.3] AndroidManifest.xml:42:25-78
110            </intent-filter>
111        </receiver>
112        <!--
113             FirebaseInstanceIdService performs security checks at runtime,
114             no need for explicit permissions despite exported="true"
115        -->
116        <service
116-->[com.google.firebase:firebase-iid:17.0.3] AndroidManifest.xml:50:9-56:19
117            android:name="com.google.firebase.iid.FirebaseInstanceIdService"
117-->[com.google.firebase:firebase-iid:17.0.3] AndroidManifest.xml:51:13-77
118            android:exported="true" >
118-->[com.google.firebase:firebase-iid:17.0.3] AndroidManifest.xml:52:13-36
119            <intent-filter android:priority="-500" >
119-->[com.google.firebase:firebase-iid:17.0.3] AndroidManifest.xml:53:13-55:29
119-->[com.google.firebase:firebase-iid:17.0.3] AndroidManifest.xml:53:28-51
120                <action android:name="com.google.firebase.INSTANCE_ID_EVENT" />
120-->[com.google.firebase:firebase-iid:17.0.3] AndroidManifest.xml:54:17-80
120-->[com.google.firebase:firebase-iid:17.0.3] AndroidManifest.xml:54:25-77
121            </intent-filter>
122        </service>
123
124        <activity
124-->[com.google.android.gms:play-services-base:17.1.0] AndroidManifest.xml:23:9-26:75
125            android:name="com.google.android.gms.common.api.GoogleApiActivity"
125-->[com.google.android.gms:play-services-base:17.1.0] AndroidManifest.xml:24:13-79
126            android:exported="false"
126-->[com.google.android.gms:play-services-base:17.1.0] AndroidManifest.xml:25:13-37
127            android:theme="@android:style/Theme.Translucent.NoTitleBar" />
127-->[com.google.android.gms:play-services-base:17.1.0] AndroidManifest.xml:26:13-72
128
129        <provider
129-->[com.google.firebase:firebase-common:19.1.0] AndroidManifest.xml:17:9-21:39
130            android:name="com.google.firebase.provider.FirebaseInitProvider"
130-->[com.google.firebase:firebase-common:19.1.0] AndroidManifest.xml:18:13-77
131            android:authorities="com.swl.catchmovie.firebaseinitprovider"
131-->[com.google.firebase:firebase-common:19.1.0] AndroidManifest.xml:19:13-72
132            android:exported="false"
132-->[com.google.firebase:firebase-common:19.1.0] AndroidManifest.xml:20:13-37
133            android:initOrder="100" />
133-->[com.google.firebase:firebase-common:19.1.0] AndroidManifest.xml:21:13-36
134
135        <meta-data
135-->[com.google.android.gms:play-services-basement:17.0.0] AndroidManifest.xml:23:9-25:69
136            android:name="com.google.android.gms.version"
136-->[com.google.android.gms:play-services-basement:17.0.0] AndroidManifest.xml:24:13-58
137            android:value="@integer/google_play_services_version" />
137-->[com.google.android.gms:play-services-basement:17.0.0] AndroidManifest.xml:25:13-66
138    </application>
139
140</manifest>